2022-05-19_13-26-49 [main] INFO  o.s.b.t.c.SpringBootTestContextBootstrapper - Neither @ContextConfiguration nor @ContextHierarchy found for test class [com.pension.process.controller.PensionProcessControllerTest], using SpringBootContextLoader
2022-05-19_13-26-49 [main] INFO  o.s.t.c.s.AbstractContextLoader - Could not detect default resource locations for test class [com.pension.process.controller.PensionProcessControllerTest]: no resource found for suffixes {-context.xml, Context.groovy}.
2022-05-19_13-26-49 [main] INFO  o.s.t.c.s.AnnotationConfigContextLoaderUtils - Could not detect default configuration classes for test class [com.pension.process.controller.PensionProcessControllerTest]: PensionProcessControllerTest does not declare any static, non-private, non-final, nested classes annotated with @Configuration.
2022-05-19_13-26-49 [main] INFO  o.s.b.t.c.SpringBootTestContextBootstrapper - Found @SpringBootConfiguration com.pension.process.ProcessPensionMicroserviceApplication for test class com.pension.process.controller.PensionProcessControllerTest
2022-05-19_13-26-49 [main] INFO  o.s.b.t.c.SpringBootTestContextBootstrapper - Loaded default TestExecutionListener class names from location [META-INF/spring.factories]: [org.springframework.boot.test.mock.mockito.MockitoTestExecutionListener, org.springframework.boot.test.mock.mockito.ResetMocksTestExecutionListener, org.springframework.boot.test.autoconfigure.restdocs.RestDocsTestExecutionListener, org.springframework.boot.test.autoconfigure.web.client.MockRestServiceServerResetTestExecutionListener, org.springframework.boot.test.autoconfigure.web.servlet.MockMvcPrintOnlyOnFailureTestExecutionListener, org.springframework.boot.test.autoconfigure.web.servlet.WebDriverTestExecutionListener, org.springframework.boot.test.autoconfigure.webservices.client.MockWebServiceServerTestExecutionListener, org.springframework.test.context.web.ServletTestExecutionListener, org.springframework.test.context.support.DirtiesContextBeforeModesTestExecutionListener, org.springframework.test.context.event.ApplicationEventsTestExecutionListener, org.springframework.test.context.support.DependencyInjectionTestExecutionListener, org.springframework.test.context.support.DirtiesContextTestExecutionListener, org.springframework.test.context.transaction.TransactionalTestExecutionListener, org.springframework.test.context.jdbc.SqlScriptsTestExecutionListener, org.springframework.test.context.event.EventPublishingTestExecutionListener]
2022-05-19_13-26-49 [main] INFO  o.s.b.t.c.SpringBootTestContextBootstrapper - Using TestExecutionListeners: [org.springframework.test.context.web.ServletTestExecutionListener@407cf41, org.springframework.test.context.support.DirtiesContextBeforeModesTestExecutionListener@6815c5f2, org.springframework.test.context.event.ApplicationEventsTestExecutionListener@46cc127b, org.springframework.boot.test.mock.mockito.MockitoTestExecutionListener@60094a13, org.springframework.boot.test.autoconfigure.SpringBootDependencyInjectionTestExecutionListener@5aceec94, org.springframework.test.context.support.DirtiesContextTestExecutionListener@1c32886a, org.springframework.test.context.event.EventPublishingTestExecutionListener@3a4b0e5d, org.springframework.boot.test.mock.mockito.ResetMocksTestExecutionListener@10b892d5, org.springframework.boot.test.autoconfigure.restdocs.RestDocsTestExecutionListener@3d3f761a, org.springframework.boot.test.autoconfigure.web.client.MockRestServiceServerResetTestExecutionListener@3546d80f, org.springframework.boot.test.autoconfigure.web.servlet.MockMvcPrintOnlyOnFailureTestExecutionListener@579d011c, org.springframework.boot.test.autoconfigure.web.servlet.WebDriverTestExecutionListener@3670f00, org.springframework.boot.test.autoconfigure.webservices.client.MockWebServiceServerTestExecutionListener@452e26d0]
2022-05-19_13-27-18 [main] INFO  c.p.p.c.PensionProcessControllerTest - Starting PensionProcessControllerTest using Java 11.0.14.1 on DESKTOP-DAC986Q with PID 11208 (started by Elcot in E:\qa3\PMS-JAVA\ProcessPension-Microservice)
2022-05-19_13-27-18 [main] INFO  c.p.p.c.PensionProcessControllerTest - No active profile set, falling back to default profiles: default
2022-05-19_13-27-18 [background-preinit] INFO  o.h.validator.internal.util.Version - HV000001: Hibernate Validator 6.1.7.Final
2022-05-19_13-27-18 [main] INFO  o.s.cloud.context.scope.GenericScope - BeanFactory id=d7570e80-e0e7-31d4-a789-10a9a45ba459
2022-05-19_13-27-18 [main] INFO  o.s.b.a.e.web.EndpointLinksResolver - Exposing 2 endpoint(s) beneath base path '/actuator'
2022-05-19_13-27-18 [main] INFO  s.d.s.w.PropertySourcedRequestMappingHandlerMapping - Mapped URL path [/v2/api-docs] onto method [springfox.documentation.swagger2.web.Swagger2Controller#getDocumentation(String, HttpServletRequest)]
2022-05-19_13-27-18 [main] INFO  o.s.s.c.ThreadPoolTaskExecutor - Initializing ExecutorService 'applicationTaskExecutor'
2022-05-19_13-27-18 [main] INFO  o.s.b.t.m.w.SpringBootMockServletContext - Initializing Spring TestDispatcherServlet ''
2022-05-19_13-27-18 [main] INFO  o.s.t.w.s.TestDispatcherServlet - Initializing Servlet ''
2022-05-19_13-27-18 [main] INFO  o.s.t.w.s.TestDispatcherServlet - Completed initialization in 127 ms
2022-05-19_13-27-18 [main] INFO  o.s.cloud.commons.util.InetUtils - Cannot determine local hostname
2022-05-19_13-27-18 [main] INFO  s.d.s.w.p.DocumentationPluginsBootstrapper - Context refreshed
2022-05-19_13-27-18 [main] INFO  s.d.s.w.p.DocumentationPluginsBootstrapper - Found 1 custom documentation plugin(s)
2022-05-19_13-27-18 [main] INFO  s.d.s.w.s.ApiListingReferenceScanner - Scanning for api listing references
2022-05-19_13-27-18 [main] INFO  s.d.s.w.r.o.CachingOperationNameGenerator - Generating unique operation named: handleUsingGET_1
2022-05-19_13-27-18 [main] INFO  s.d.s.w.r.o.CachingOperationNameGenerator - Generating unique operation named: handleUsingGET_2
2022-05-19_13-27-18 [main] INFO  c.p.p.c.PensionProcessControllerTest - Started PensionProcessControllerTest in 165.021 seconds (JVM running for 228.839)
2022-05-19_13-27-18 [main] INFO  o.s.b.t.c.SpringBootTestContextBootstrapper - Neither @ContextConfiguration nor @ContextHierarchy found for test class [com.pension.process.controller.ProcessPensionControllerMethodTest], using SpringBootContextLoader
2022-05-19_13-27-18 [main] INFO  o.s.t.c.s.AbstractContextLoader - Could not detect default resource locations for test class [com.pension.process.controller.ProcessPensionControllerMethodTest]: no resource found for suffixes {-context.xml, Context.groovy}.
2022-05-19_13-27-18 [main] INFO  o.s.t.c.s.AnnotationConfigContextLoaderUtils - Could not detect default configuration classes for test class [com.pension.process.controller.ProcessPensionControllerMethodTest]: ProcessPensionControllerMethodTest does not declare any static, non-private, non-final, nested classes annotated with @Configuration.
2022-05-19_13-27-18 [main] INFO  o.s.b.t.c.SpringBootTestContextBootstrapper - Found @SpringBootConfiguration com.pension.process.ProcessPensionMicroserviceApplication for test class com.pension.process.controller.ProcessPensionControllerMethodTest
2022-05-19_13-27-18 [main] INFO  o.s.b.t.c.SpringBootTestContextBootstrapper - Loaded default TestExecutionListener class names from location [META-INF/spring.factories]: [org.springframework.boot.test.mock.mockito.MockitoTestExecutionListener, org.springframework.boot.test.mock.mockito.ResetMocksTestExecutionListener, org.springframework.boot.test.autoconfigure.restdocs.RestDocsTestExecutionListener, org.springframework.boot.test.autoconfigure.web.client.MockRestServiceServerResetTestExecutionListener, org.springframework.boot.test.autoconfigure.web.servlet.MockMvcPrintOnlyOnFailureTestExecutionListener, org.springframework.boot.test.autoconfigure.web.servlet.WebDriverTestExecutionListener, org.springframework.boot.test.autoconfigure.webservices.client.MockWebServiceServerTestExecutionListener, org.springframework.test.context.web.ServletTestExecutionListener, org.springframework.test.context.support.DirtiesContextBeforeModesTestExecutionListener, org.springframework.test.context.event.ApplicationEventsTestExecutionListener, org.springframework.test.context.support.DependencyInjectionTestExecutionListener, org.springframework.test.context.support.DirtiesContextTestExecutionListener, org.springframework.test.context.transaction.TransactionalTestExecutionListener, org.springframework.test.context.jdbc.SqlScriptsTestExecutionListener, org.springframework.test.context.event.EventPublishingTestExecutionListener]
2022-05-19_13-27-18 [main] INFO  o.s.b.t.c.SpringBootTestContextBootstrapper - Using TestExecutionListeners: [org.springframework.test.context.web.ServletTestExecutionListener@638341b0, org.springframework.test.context.support.DirtiesContextBeforeModesTestExecutionListener@7962c1d5, org.springframework.test.context.event.ApplicationEventsTestExecutionListener@56226064, org.springframework.boot.test.mock.mockito.MockitoTestExecutionListener@646c872a, org.springframework.boot.test.autoconfigure.SpringBootDependencyInjectionTestExecutionListener@1d9bd4d6, org.springframework.test.context.support.DirtiesContextTestExecutionListener@7298c2d9, org.springframework.test.context.event.EventPublishingTestExecutionListener@377cbdae, org.springframework.boot.test.mock.mockito.ResetMocksTestExecutionListener@37a939bc, org.springframework.boot.test.autoconfigure.restdocs.RestDocsTestExecutionListener@74d776fb, org.springframework.boot.test.autoconfigure.web.client.MockRestServiceServerResetTestExecutionListener@406decb2, org.springframework.boot.test.autoconfigure.web.servlet.MockMvcPrintOnlyOnFailureTestExecutionListener@122ea8dc, org.springframework.boot.test.autoconfigure.web.servlet.WebDriverTestExecutionListener@6cb417fc, org.springframework.boot.test.autoconfigure.webservices.client.MockWebServiceServerTestExecutionListener@239bc43f]
2022-05-19_13-30-17 [main] INFO  c.p.p.c.ProcessPensionControllerMethodTest - Starting ProcessPensionControllerMethodTest using Java 11.0.14.1 on DESKTOP-DAC986Q with PID 11208 (started by Elcot in E:\qa3\PMS-JAVA\ProcessPension-Microservice)
2022-05-19_13-30-17 [main] INFO  c.p.p.c.ProcessPensionControllerMethodTest - No active profile set, falling back to default profiles: default
2022-05-19_13-30-17 [main] INFO  o.s.cloud.context.scope.GenericScope - BeanFactory id=d7570e80-e0e7-31d4-a789-10a9a45ba459
2022-05-19_13-30-17 [main] INFO  o.s.c.s.PostProcessorRegistrationDelegate$BeanPostProcessorChecker - Bean 'com.pension.process.feignclient.PensionDisbursementFeignClient' of type [org.springframework.cloud.openfeign.FeignClientFactoryBean] is not eligible for getting processed by all BeanPostProcessors (for example: not eligible for auto-proxying)
2022-05-19_13-30-17 [main] INFO  o.s.c.s.PostProcessorRegistrationDelegate$BeanPostProcessorChecker - Bean 'com.pension.process.feignclient.PensionerDetailFeignClient' of type [org.springframework.cloud.openfeign.FeignClientFactoryBean] is not eligible for getting processed by all BeanPostProcessors (for example: not eligible for auto-proxying)
2022-05-19_13-30-17 [main] INFO  o.s.b.a.e.web.EndpointLinksResolver - Exposing 2 endpoint(s) beneath base path '/actuator'
2022-05-19_13-30-17 [main] INFO  s.d.s.w.PropertySourcedRequestMappingHandlerMapping - Mapped URL path [/v2/api-docs] onto method [springfox.documentation.swagger2.web.Swagger2Controller#getDocumentation(String, HttpServletRequest)]
2022-05-19_13-30-17 [main] INFO  o.s.s.c.ThreadPoolTaskExecutor - Initializing ExecutorService 'applicationTaskExecutor'
2022-05-19_13-30-17 [main] INFO  o.s.b.t.m.w.SpringBootMockServletContext - Initializing Spring TestDispatcherServlet ''
2022-05-19_13-30-17 [main] INFO  o.s.t.w.s.TestDispatcherServlet - Initializing Servlet ''
2022-05-19_13-30-17 [main] INFO  o.s.t.w.s.TestDispatcherServlet - Completed initialization in 2 ms
2022-05-19_13-30-17 [main] INFO  o.s.cloud.commons.util.InetUtils - Cannot determine local hostname
2022-05-19_13-30-17 [main] INFO  s.d.s.w.p.DocumentationPluginsBootstrapper - Context refreshed
2022-05-19_13-30-17 [main] INFO  s.d.s.w.p.DocumentationPluginsBootstrapper - Found 1 custom documentation plugin(s)
2022-05-19_13-30-17 [main] INFO  s.d.s.w.s.ApiListingReferenceScanner - Scanning for api listing references
2022-05-19_13-30-17 [main] INFO  s.d.s.w.r.o.CachingOperationNameGenerator - Generating unique operation named: handleUsingGET_1
2022-05-19_13-30-17 [main] INFO  s.d.s.w.r.o.CachingOperationNameGenerator - Generating unique operation named: handleUsingGET_2
2022-05-19_13-30-17 [main] INFO  c.p.p.c.ProcessPensionControllerMethodTest - Started ProcessPensionControllerMethodTest in 68.217 seconds (JVM running for 311.18)
2022-05-19_13-30-17 [main] INFO  o.s.b.t.c.SpringBootTestContextBootstrapper - Neither @ContextConfiguration nor @ContextHierarchy found for test class [com.pension.process.exception.ProcessPensionExceptionTest], using SpringBootContextLoader
2022-05-19_13-30-17 [main] INFO  o.s.t.c.s.AbstractContextLoader - Could not detect default resource locations for test class [com.pension.process.exception.ProcessPensionExceptionTest]: no resource found for suffixes {-context.xml, Context.groovy}.
2022-05-19_13-30-17 [main] INFO  o.s.t.c.s.AnnotationConfigContextLoaderUtils - Could not detect default configuration classes for test class [com.pension.process.exception.ProcessPensionExceptionTest]: ProcessPensionExceptionTest does not declare any static, non-private, non-final, nested classes annotated with @Configuration.
2022-05-19_13-30-17 [main] INFO  o.s.b.t.c.SpringBootTestContextBootstrapper - Found @SpringBootConfiguration com.pension.process.ProcessPensionMicroserviceApplication for test class com.pension.process.exception.ProcessPensionExceptionTest
2022-05-19_13-30-17 [main] INFO  o.s.b.t.c.SpringBootTestContextBootstrapper - Loaded default TestExecutionListener class names from location [META-INF/spring.factories]: [org.springframework.boot.test.mock.mockito.MockitoTestExecutionListener, org.springframework.boot.test.mock.mockito.ResetMocksTestExecutionListener, org.springframework.boot.test.autoconfigure.restdocs.RestDocsTestExecutionListener, org.springframework.boot.test.autoconfigure.web.client.MockRestServiceServerResetTestExecutionListener, org.springframework.boot.test.autoconfigure.web.servlet.MockMvcPrintOnlyOnFailureTestExecutionListener, org.springframework.boot.test.autoconfigure.web.servlet.WebDriverTestExecutionListener, org.springframework.boot.test.autoconfigure.webservices.client.MockWebServiceServerTestExecutionListener, org.springframework.test.context.web.ServletTestExecutionListener, org.springframework.test.context.support.DirtiesContextBeforeModesTestExecutionListener, org.springframework.test.context.event.ApplicationEventsTestExecutionListener, org.springframework.test.context.support.DependencyInjectionTestExecutionListener, org.springframework.test.context.support.DirtiesContextTestExecutionListener, org.springframework.test.context.transaction.TransactionalTestExecutionListener, org.springframework.test.context.jdbc.SqlScriptsTestExecutionListener, org.springframework.test.context.event.EventPublishingTestExecutionListener]
2022-05-19_13-30-17 [main] INFO  o.s.b.t.c.SpringBootTestContextBootstrapper - Using TestExecutionListeners: [org.springframework.test.context.web.ServletTestExecutionListener@4d408746, org.springframework.test.context.support.DirtiesContextBeforeModesTestExecutionListener@6ae55678, org.springframework.test.context.event.ApplicationEventsTestExecutionListener@4bc75792, org.springframework.boot.test.mock.mockito.MockitoTestExecutionListener@2a0d8df8, org.springframework.boot.test.autoconfigure.SpringBootDependencyInjectionTestExecutionListener@63be4548, org.springframework.test.context.support.DirtiesContextTestExecutionListener@232899d1, org.springframework.test.context.event.EventPublishingTestExecutionListener@522221e1, org.springframework.boot.test.mock.mockito.ResetMocksTestExecutionListener@14060410, org.springframework.boot.test.autoconfigure.restdocs.RestDocsTestExecutionListener@58397dd, org.springframework.boot.test.autoconfigure.web.client.MockRestServiceServerResetTestExecutionListener@620260ad, org.springframework.boot.test.autoconfigure.web.servlet.MockMvcPrintOnlyOnFailureTestExecutionListener@216c6825, org.springframework.boot.test.autoconfigure.web.servlet.WebDriverTestExecutionListener@56ece9c, org.springframework.boot.test.autoconfigure.webservices.client.MockWebServiceServerTestExecutionListener@1c4a8c93]
2022-05-19_13-31-24 [main] INFO  c.p.p.e.ProcessPensionExceptionTest - Starting ProcessPensionExceptionTest using Java 11.0.14.1 on DESKTOP-DAC986Q with PID 11208 (started by Elcot in E:\qa3\PMS-JAVA\ProcessPension-Microservice)
2022-05-19_13-31-24 [main] INFO  c.p.p.e.ProcessPensionExceptionTest - No active profile set, falling back to default profiles: default
2022-05-19_13-31-24 [main] INFO  o.s.cloud.context.scope.GenericScope - BeanFactory id=de444c9b-d8bc-3218-aa53-fbbac0281452
2022-05-19_13-31-24 [main] INFO  o.s.c.s.PostProcessorRegistrationDelegate$BeanPostProcessorChecker - Bean 'com.pension.process.feignclient.AuthorisingClient' of type [org.springframework.cloud.openfeign.FeignClientFactoryBean] is not eligible for getting processed by all BeanPostProcessors (for example: not eligible for auto-proxying)
2022-05-19_13-31-24 [main] INFO  o.s.c.s.PostProcessorRegistrationDelegate$BeanPostProcessorChecker - Bean 'com.pension.process.feignclient.PensionDisbursementFeignClient' of type [org.springframework.cloud.openfeign.FeignClientFactoryBean] is not eligible for getting processed by all BeanPostProcessors (for example: not eligible for auto-proxying)
2022-05-19_13-31-24 [main] INFO  o.s.c.s.PostProcessorRegistrationDelegate$BeanPostProcessorChecker - Bean 'com.pension.process.feignclient.PensionerDetailFeignClient' of type [org.springframework.cloud.openfeign.FeignClientFactoryBean] is not eligible for getting processed by all BeanPostProcessors (for example: not eligible for auto-proxying)
2022-05-19_13-31-24 [main] INFO  o.s.b.a.e.web.EndpointLinksResolver - Exposing 2 endpoint(s) beneath base path '/actuator'
2022-05-19_13-31-24 [main] INFO  s.d.s.w.PropertySourcedRequestMappingHandlerMapping - Mapped URL path [/v2/api-docs] onto method [springfox.documentation.swagger2.web.Swagger2Controller#getDocumentation(String, HttpServletRequest)]
2022-05-19_13-31-24 [main] INFO  o.s.s.c.ThreadPoolTaskExecutor - Initializing ExecutorService 'applicationTaskExecutor'
2022-05-19_13-31-24 [main] INFO  o.s.cloud.commons.util.InetUtils - Cannot determine local hostname
2022-05-19_13-31-24 [main] INFO  s.d.s.w.p.DocumentationPluginsBootstrapper - Context refreshed
2022-05-19_13-31-24 [main] INFO  s.d.s.w.p.DocumentationPluginsBootstrapper - Found 1 custom documentation plugin(s)
2022-05-19_13-31-24 [main] INFO  s.d.s.w.s.ApiListingReferenceScanner - Scanning for api listing references
2022-05-19_13-31-24 [main] INFO  s.d.s.w.r.o.CachingOperationNameGenerator - Generating unique operation named: handleUsingGET_1
2022-05-19_13-31-24 [main] INFO  s.d.s.w.r.o.CachingOperationNameGenerator - Generating unique operation named: handleUsingGET_2
2022-05-19_13-31-24 [main] INFO  c.p.p.e.ProcessPensionExceptionTest - Started ProcessPensionExceptionTest in 35.846 seconds (JVM running for 351.4)
2022-05-19_13-31-24 [main] INFO  o.s.b.t.c.SpringBootTestContextBootstrapper - Neither @ContextConfiguration nor @ContextHierarchy found for test class [com.pension.process.ProcessPensionMicroserviceApplicationTests], using SpringBootContextLoader
2022-05-19_13-31-24 [main] INFO  o.s.t.c.s.AbstractContextLoader - Could not detect default resource locations for test class [com.pension.process.ProcessPensionMicroserviceApplicationTests]: no resource found for suffixes {-context.xml, Context.groovy}.
2022-05-19_13-31-24 [main] INFO  o.s.t.c.s.AnnotationConfigContextLoaderUtils - Could not detect default configuration classes for test class [com.pension.process.ProcessPensionMicroserviceApplicationTests]: ProcessPensionMicroserviceApplicationTests does not declare any static, non-private, non-final, nested classes annotated with @Configuration.
2022-05-19_13-31-24 [main] INFO  o.s.b.t.c.SpringBootTestContextBootstrapper - Found @SpringBootConfiguration com.pension.process.ProcessPensionMicroserviceApplication for test class com.pension.process.ProcessPensionMicroserviceApplicationTests
2022-05-19_13-31-24 [main] INFO  o.s.b.t.c.SpringBootTestContextBootstrapper - Loaded default TestExecutionListener class names from location [META-INF/spring.factories]: [org.springframework.boot.test.mock.mockito.MockitoTestExecutionListener, org.springframework.boot.test.mock.mockito.ResetMocksTestExecutionListener, org.springframework.boot.test.autoconfigure.restdocs.RestDocsTestExecutionListener, org.springframework.boot.test.autoconfigure.web.client.MockRestServiceServerResetTestExecutionListener, org.springframework.boot.test.autoconfigure.web.servlet.MockMvcPrintOnlyOnFailureTestExecutionListener, org.springframework.boot.test.autoconfigure.web.servlet.WebDriverTestExecutionListener, org.springframework.boot.test.autoconfigure.webservices.client.MockWebServiceServerTestExecutionListener, org.springframework.test.context.web.ServletTestExecutionListener, org.springframework.test.context.support.DirtiesContextBeforeModesTestExecutionListener, org.springframework.test.context.event.ApplicationEventsTestExecutionListener, org.springframework.test.context.support.DependencyInjectionTestExecutionListener, org.springframework.test.context.support.DirtiesContextTestExecutionListener, org.springframework.test.context.transaction.TransactionalTestExecutionListener, org.springframework.test.context.jdbc.SqlScriptsTestExecutionListener, org.springframework.test.context.event.EventPublishingTestExecutionListener]
2022-05-19_13-31-24 [main] INFO  o.s.b.t.c.SpringBootTestContextBootstrapper - Using TestExecutionListeners: [org.springframework.test.context.web.ServletTestExecutionListener@24e6bd00, org.springframework.test.context.support.DirtiesContextBeforeModesTestExecutionListener@5522f9b, org.springframework.test.context.event.ApplicationEventsTestExecutionListener@70bbc163, org.springframework.boot.test.mock.mockito.MockitoTestExecutionListener@3b26afbc, org.springframework.boot.test.autoconfigure.SpringBootDependencyInjectionTestExecutionListener@2ab91b65, org.springframework.test.context.support.DirtiesContextTestExecutionListener@3e03d75e, org.springframework.test.context.event.EventPublishingTestExecutionListener@109db924, org.springframework.boot.test.mock.mockito.ResetMocksTestExecutionListener@1ec8afc4, org.springframework.boot.test.autoconfigure.restdocs.RestDocsTestExecutionListener@7cc8fd4b, org.springframework.boot.test.autoconfigure.web.client.MockRestServiceServerResetTestExecutionListener@5c516cab, org.springframework.boot.test.autoconfigure.web.servlet.MockMvcPrintOnlyOnFailureTestExecutionListener@21f8aa9c, org.springframework.boot.test.autoconfigure.web.servlet.WebDriverTestExecutionListener@7a1587e8, org.springframework.boot.test.autoconfigure.webservices.client.MockWebServiceServerTestExecutionListener@410c1f44]
2022-05-19_13-32-14 [main] INFO  c.p.p.ProcessPensionMicroserviceApplication - Starting ProcessPensionMicroserviceApplication using Java 11.0.14.1 on DESKTOP-DAC986Q with PID 11208 (started by Elcot in E:\qa3\PMS-JAVA\ProcessPension-Microservice)
2022-05-19_13-32-14 [main] INFO  c.p.p.ProcessPensionMicroserviceApplication - No active profile set, falling back to default profiles: default
2022-05-19_13-32-14 [main] INFO  o.s.cloud.context.scope.GenericScope - BeanFactory id=6264e97b-fef0-3849-9507-bde56deace9b
2022-05-19_13-32-14 [main] INFO  o.s.c.s.PostProcessorRegistrationDelegate$BeanPostProcessorChecker - Bean 'com.pension.process.feignclient.AuthorisingClient' of type [org.springframework.cloud.openfeign.FeignClientFactoryBean] is not eligible for getting processed by all BeanPostProcessors (for example: not eligible for auto-proxying)
2022-05-19_13-32-14 [main] INFO  o.s.c.s.PostProcessorRegistrationDelegate$BeanPostProcessorChecker - Bean 'com.pension.process.feignclient.PensionDisbursementFeignClient' of type [org.springframework.cloud.openfeign.FeignClientFactoryBean] is not eligible for getting processed by all BeanPostProcessors (for example: not eligible for auto-proxying)
2022-05-19_13-32-14 [main] INFO  o.s.c.s.PostProcessorRegistrationDelegate$BeanPostProcessorChecker - Bean 'com.pension.process.feignclient.PensionerDetailFeignClient' of type [org.springframework.cloud.openfeign.FeignClientFactoryBean] is not eligible for getting processed by all BeanPostProcessors (for example: not eligible for auto-proxying)
2022-05-19_13-32-14 [main] INFO  o.s.b.w.e.tomcat.TomcatWebServer - Tomcat initialized with port(s): 5000 (http)
2022-05-19_13-32-14 [main] INFO  o.a.coyote.http11.Http11NioProtocol - Initializing ProtocolHandler ["http-nio-5000"]
2022-05-19_13-32-14 [main] INFO  o.a.catalina.core.StandardService - Starting service [Tomcat]
2022-05-19_13-32-14 [main] INFO  o.a.catalina.core.StandardEngine - Starting Servlet engine: [Apache Tomcat/9.0.41]
2022-05-19_13-32-14 [main] INFO  o.a.c.c.C.[.[localhost].[/process] - Initializing Spring embedded WebApplicationContext
2022-05-19_13-32-14 [main] INFO  o.s.b.w.s.c.ServletWebServerApplicationContext - Root WebApplicationContext: initialization completed in 32194 ms
2022-05-19_13-32-14 [main] INFO  o.s.b.a.e.web.EndpointLinksResolver - Exposing 2 endpoint(s) beneath base path '/actuator'
2022-05-19_13-32-14 [main] INFO  s.d.s.w.PropertySourcedRequestMappingHandlerMapping - Mapped URL path [/v2/api-docs] onto method [springfox.documentation.swagger2.web.Swagger2Controller#getDocumentation(String, HttpServletRequest)]
2022-05-19_13-32-14 [main] INFO  o.s.s.c.ThreadPoolTaskExecutor - Initializing ExecutorService 'applicationTaskExecutor'
2022-05-19_13-32-14 [main] INFO  o.s.cloud.commons.util.InetUtils - Cannot determine local hostname
2022-05-19_13-32-14 [main] INFO  o.a.coyote.http11.Http11NioProtocol - Starting ProtocolHandler ["http-nio-5000"]
2022-05-19_13-32-14 [main] INFO  o.s.b.w.e.tomcat.TomcatWebServer - Tomcat started on port(s): 5000 (http) with context path '/process'
2022-05-19_13-32-14 [main] INFO  o.s.cloud.commons.util.InetUtils - Cannot determine local hostname
2022-05-19_13-32-14 [main] INFO  s.d.s.w.p.DocumentationPluginsBootstrapper - Context refreshed
2022-05-19_13-32-14 [main] INFO  s.d.s.w.p.DocumentationPluginsBootstrapper - Found 1 custom documentation plugin(s)
2022-05-19_13-32-14 [main] INFO  s.d.s.w.s.ApiListingReferenceScanner - Scanning for api listing references
2022-05-19_13-32-14 [main] INFO  s.d.s.w.r.o.CachingOperationNameGenerator - Generating unique operation named: handleUsingGET_1
2022-05-19_13-32-14 [main] INFO  s.d.s.w.r.o.CachingOperationNameGenerator - Generating unique operation named: handleUsingGET_2
2022-05-19_13-32-14 [main] INFO  c.p.p.ProcessPensionMicroserviceApplication - Started ProcessPensionMicroserviceApplication in 60.306 seconds (JVM running for 426.925)
2022-05-19_13-32-14 [main] INFO  o.s.b.t.c.SpringBootTestContextBootstrapper - Neither @ContextConfiguration nor @ContextHierarchy found for test class [com.pension.process.service.ProcessPensionServiceTest], using SpringBootContextLoader
2022-05-19_13-32-14 [main] INFO  o.s.t.c.s.AbstractContextLoader - Could not detect default resource locations for test class [com.pension.process.service.ProcessPensionServiceTest]: no resource found for suffixes {-context.xml, Context.groovy}.
2022-05-19_13-32-14 [main] INFO  o.s.t.c.s.AnnotationConfigContextLoaderUtils - Could not detect default configuration classes for test class [com.pension.process.service.ProcessPensionServiceTest]: ProcessPensionServiceTest does not declare any static, non-private, non-final, nested classes annotated with @Configuration.
2022-05-19_13-32-14 [main] INFO  o.s.b.t.c.SpringBootTestContextBootstrapper - Found @SpringBootConfiguration com.pension.process.ProcessPensionMicroserviceApplication for test class com.pension.process.service.ProcessPensionServiceTest
2022-05-19_13-32-14 [main] INFO  o.s.b.t.c.SpringBootTestContextBootstrapper - Loaded default TestExecutionListener class names from location [META-INF/spring.factories]: [org.springframework.boot.test.mock.mockito.MockitoTestExecutionListener, org.springframework.boot.test.mock.mockito.ResetMocksTestExecutionListener, org.springframework.boot.test.autoconfigure.restdocs.RestDocsTestExecutionListener, org.springframework.boot.test.autoconfigure.web.client.MockRestServiceServerResetTestExecutionListener, org.springframework.boot.test.autoconfigure.web.servlet.MockMvcPrintOnlyOnFailureTestExecutionListener, org.springframework.boot.test.autoconfigure.web.servlet.WebDriverTestExecutionListener, org.springframework.boot.test.autoconfigure.webservices.client.MockWebServiceServerTestExecutionListener, org.springframework.test.context.web.ServletTestExecutionListener, org.springframework.test.context.support.DirtiesContextBeforeModesTestExecutionListener, org.springframework.test.context.event.ApplicationEventsTestExecutionListener, org.springframework.test.context.support.DependencyInjectionTestExecutionListener, org.springframework.test.context.support.DirtiesContextTestExecutionListener, org.springframework.test.context.transaction.TransactionalTestExecutionListener, org.springframework.test.context.jdbc.SqlScriptsTestExecutionListener, org.springframework.test.context.event.EventPublishingTestExecutionListener]
2022-05-19_13-32-14 [main] INFO  o.s.b.t.c.SpringBootTestContextBootstrapper - Using TestExecutionListeners: [org.springframework.test.context.web.ServletTestExecutionListener@18de84f0, org.springframework.test.context.support.DirtiesContextBeforeModesTestExecutionListener@34408f1b, org.springframework.test.context.event.ApplicationEventsTestExecutionListener@4a729612, org.springframework.boot.test.mock.mockito.MockitoTestExecutionListener@2e6fa551, org.springframework.boot.test.autoconfigure.SpringBootDependencyInjectionTestExecutionListener@427a4d68, org.springframework.test.context.support.DirtiesContextTestExecutionListener@72722a6b, org.springframework.test.context.event.EventPublishingTestExecutionListener@2c6ee031, org.springframework.boot.test.mock.mockito.ResetMocksTestExecutionListener@7ff89dc0, org.springframework.boot.test.autoconfigure.restdocs.RestDocsTestExecutionListener@6f798e5a, org.springframework.boot.test.autoconfigure.web.client.MockRestServiceServerResetTestExecutionListener@cbbc0ac, org.springframework.boot.test.autoconfigure.web.servlet.MockMvcPrintOnlyOnFailureTestExecutionListener@570fc662, org.springframework.boot.test.autoconfigure.web.servlet.WebDriverTestExecutionListener@6ca257de, org.springframework.boot.test.autoconfigure.webservices.client.MockWebServiceServerTestExecutionListener@4f8a0f4e]
2022-05-19_13-32-14 [SpringContextShutdownHook] INFO  o.s.s.c.ThreadPoolTaskExecutor - Shutting down ExecutorService 'applicationTaskExecutor'
2022-05-19_13-32-14 [SpringContextShutdownHook] INFO  o.s.s.c.ThreadPoolTaskExecutor - Shutting down ExecutorService 'applicationTaskExecutor'
2022-05-19_13-32-14 [SpringContextShutdownHook] INFO  o.s.s.c.ThreadPoolTaskExecutor - Shutting down ExecutorService 'applicationTaskExecutor'
2022-05-19_13-32-14 [SpringContextShutdownHook] INFO  o.s.s.c.ThreadPoolTaskExecutor - Shutting down ExecutorService 'applicationTaskExecutor'
