2022-05-22_22-32-54 [main] INFO  o.s.b.t.c.SpringBootTestContextBootstrapper - Neither @ContextConfiguration nor @ContextHierarchy found for test class [com.pension.process.controller.PensionProcessControllerTest], using SpringBootContextLoader
2022-05-22_22-32-54 [main] INFO  o.s.t.c.s.AbstractContextLoader - Could not detect default resource locations for test class [com.pension.process.controller.PensionProcessControllerTest]: no resource found for suffixes {-context.xml, Context.groovy}.
2022-05-22_22-32-54 [main] INFO  o.s.t.c.s.AnnotationConfigContextLoaderUtils - Could not detect default configuration classes for test class [com.pension.process.controller.PensionProcessControllerTest]: PensionProcessControllerTest does not declare any static, non-private, non-final, nested classes annotated with @Configuration.
2022-05-22_22-32-54 [main] INFO  o.s.b.t.c.SpringBootTestContextBootstrapper - Found @SpringBootConfiguration com.pension.process.ProcessPensionMicroserviceApplication for test class com.pension.process.controller.PensionProcessControllerTest
2022-05-22_22-32-54 [main] INFO  o.s.b.t.c.SpringBootTestContextBootstrapper - Loaded default TestExecutionListener class names from location [META-INF/spring.factories]: [org.springframework.boot.test.mock.mockito.MockitoTestExecutionListener, org.springframework.boot.test.mock.mockito.ResetMocksTestExecutionListener, org.springframework.boot.test.autoconfigure.restdocs.RestDocsTestExecutionListener, org.springframework.boot.test.autoconfigure.web.client.MockRestServiceServerResetTestExecutionListener, org.springframework.boot.test.autoconfigure.web.servlet.MockMvcPrintOnlyOnFailureTestExecutionListener, org.springframework.boot.test.autoconfigure.web.servlet.WebDriverTestExecutionListener, org.springframework.boot.test.autoconfigure.webservices.client.MockWebServiceServerTestExecutionListener, org.springframework.test.context.web.ServletTestExecutionListener, org.springframework.test.context.support.DirtiesContextBeforeModesTestExecutionListener, org.springframework.test.context.event.ApplicationEventsTestExecutionListener, org.springframework.test.context.support.DependencyInjectionTestExecutionListener, org.springframework.test.context.support.DirtiesContextTestExecutionListener, org.springframework.test.context.transaction.TransactionalTestExecutionListener, org.springframework.test.context.jdbc.SqlScriptsTestExecutionListener, org.springframework.test.context.event.EventPublishingTestExecutionListener]
2022-05-22_22-32-54 [main] INFO  o.s.b.t.c.SpringBootTestContextBootstrapper - Using TestExecutionListeners: [org.springframework.test.context.web.ServletTestExecutionListener@10b892d5, org.springframework.test.context.support.DirtiesContextBeforeModesTestExecutionListener@3d3f761a, org.springframework.test.context.event.ApplicationEventsTestExecutionListener@3546d80f, org.springframework.boot.test.mock.mockito.MockitoTestExecutionListener@579d011c, org.springframework.boot.test.autoconfigure.SpringBootDependencyInjectionTestExecutionListener@3670f00, org.springframework.test.context.support.DirtiesContextTestExecutionListener@452e26d0, org.springframework.test.context.event.EventPublishingTestExecutionListener@46ab18da, org.springframework.boot.test.mock.mockito.ResetMocksTestExecutionListener@790174f2, org.springframework.boot.test.autoconfigure.restdocs.RestDocsTestExecutionListener@42257bdd, org.springframework.boot.test.autoconfigure.web.client.MockRestServiceServerResetTestExecutionListener@7689ddef, org.springframework.boot.test.autoconfigure.web.servlet.MockMvcPrintOnlyOnFailureTestExecutionListener@687a762c, org.springframework.boot.test.autoconfigure.web.servlet.WebDriverTestExecutionListener@1a2e2935, org.springframework.boot.test.autoconfigure.webservices.client.MockWebServiceServerTestExecutionListener@733c423e]
2022-05-22_22-32-59 [main] INFO  c.p.p.c.PensionProcessControllerTest - Starting PensionProcessControllerTest using Java 11.0.14.1 on DESKTOP-DAC986Q with PID 10028 (started by Elcot in E:\qa3\PMS-JAVA\ProcessPension-Microservice)
2022-05-22_22-32-59 [main] INFO  c.p.p.c.PensionProcessControllerTest - No active profile set, falling back to default profiles: default
2022-05-22_22-32-59 [background-preinit] INFO  o.h.validator.internal.util.Version - HV000001: Hibernate Validator 6.1.7.Final
2022-05-22_22-32-59 [main] INFO  o.s.cloud.context.scope.GenericScope - BeanFactory id=d7570e80-e0e7-31d4-a789-10a9a45ba459
2022-05-22_22-32-59 [main] INFO  o.s.b.a.e.web.EndpointLinksResolver - Exposing 2 endpoint(s) beneath base path '/actuator'
2022-05-22_22-32-59 [main] INFO  s.d.s.w.PropertySourcedRequestMappingHandlerMapping - Mapped URL path [/v2/api-docs] onto method [springfox.documentation.swagger2.web.Swagger2Controller#getDocumentation(String, HttpServletRequest)]
2022-05-22_22-32-59 [main] INFO  o.s.s.c.ThreadPoolTaskExecutor - Initializing ExecutorService 'applicationTaskExecutor'
2022-05-22_22-32-59 [main] INFO  o.s.b.t.m.w.SpringBootMockServletContext - Initializing Spring TestDispatcherServlet ''
2022-05-22_22-32-59 [main] INFO  o.s.t.w.s.TestDispatcherServlet - Initializing Servlet ''
2022-05-22_22-32-59 [main] INFO  o.s.t.w.s.TestDispatcherServlet - Completed initialization in 4 ms
2022-05-22_22-32-59 [main] INFO  o.s.cloud.commons.util.InetUtils - Cannot determine local hostname
2022-05-22_22-32-59 [main] INFO  s.d.s.w.p.DocumentationPluginsBootstrapper - Context refreshed
2022-05-22_22-32-59 [main] INFO  s.d.s.w.p.DocumentationPluginsBootstrapper - Found 1 custom documentation plugin(s)
2022-05-22_22-32-59 [main] INFO  s.d.s.w.s.ApiListingReferenceScanner - Scanning for api listing references
2022-05-22_22-32-59 [main] INFO  s.d.s.w.r.o.CachingOperationNameGenerator - Generating unique operation named: handleUsingGET_1
2022-05-22_22-32-59 [main] INFO  s.d.s.w.r.o.CachingOperationNameGenerator - Generating unique operation named: handleUsingGET_2
2022-05-22_22-32-59 [main] INFO  c.p.p.c.PensionProcessControllerTest - Started PensionProcessControllerTest in 32.536 seconds (JVM running for 39.353)
2022-05-22_22-32-59 [main] INFO  o.s.b.t.c.SpringBootTestContextBootstrapper - Neither @ContextConfiguration nor @ContextHierarchy found for test class [com.pension.process.controller.ProcessPensionControllerMethodTest], using SpringBootContextLoader
2022-05-22_22-32-59 [main] INFO  o.s.t.c.s.AbstractContextLoader - Could not detect default resource locations for test class [com.pension.process.controller.ProcessPensionControllerMethodTest]: no resource found for suffixes {-context.xml, Context.groovy}.
2022-05-22_22-32-59 [main] INFO  o.s.t.c.s.AnnotationConfigContextLoaderUtils - Could not detect default configuration classes for test class [com.pension.process.controller.ProcessPensionControllerMethodTest]: ProcessPensionControllerMethodTest does not declare any static, non-private, non-final, nested classes annotated with @Configuration.
2022-05-22_22-32-59 [main] INFO  o.s.b.t.c.SpringBootTestContextBootstrapper - Found @SpringBootConfiguration com.pension.process.ProcessPensionMicroserviceApplication for test class com.pension.process.controller.ProcessPensionControllerMethodTest
2022-05-22_22-32-59 [main] INFO  o.s.b.t.c.SpringBootTestContextBootstrapper - Loaded default TestExecutionListener class names from location [META-INF/spring.factories]: [org.springframework.boot.test.mock.mockito.MockitoTestExecutionListener, org.springframework.boot.test.mock.mockito.ResetMocksTestExecutionListener, org.springframework.boot.test.autoconfigure.restdocs.RestDocsTestExecutionListener, org.springframework.boot.test.autoconfigure.web.client.MockRestServiceServerResetTestExecutionListener, org.springframework.boot.test.autoconfigure.web.servlet.MockMvcPrintOnlyOnFailureTestExecutionListener, org.springframework.boot.test.autoconfigure.web.servlet.WebDriverTestExecutionListener, org.springframework.boot.test.autoconfigure.webservices.client.MockWebServiceServerTestExecutionListener, org.springframework.test.context.web.ServletTestExecutionListener, org.springframework.test.context.support.DirtiesContextBeforeModesTestExecutionListener, org.springframework.test.context.event.ApplicationEventsTestExecutionListener, org.springframework.test.context.support.DependencyInjectionTestExecutionListener, org.springframework.test.context.support.DirtiesContextTestExecutionListener, org.springframework.test.context.transaction.TransactionalTestExecutionListener, org.springframework.test.context.jdbc.SqlScriptsTestExecutionListener, org.springframework.test.context.event.EventPublishingTestExecutionListener]
2022-05-22_22-32-59 [main] INFO  o.s.b.t.c.SpringBootTestContextBootstrapper - Using TestExecutionListeners: [org.springframework.test.context.web.ServletTestExecutionListener@33425171, org.springframework.test.context.support.DirtiesContextBeforeModesTestExecutionListener@44aa5585, org.springframework.test.context.event.ApplicationEventsTestExecutionListener@40fd1a78, org.springframework.boot.test.mock.mockito.MockitoTestExecutionListener@53b7f08, org.springframework.boot.test.autoconfigure.SpringBootDependencyInjectionTestExecutionListener@24536f07, org.springframework.test.context.support.DirtiesContextTestExecutionListener@32430075, org.springframework.test.context.event.EventPublishingTestExecutionListener@1a45e29f, org.springframework.boot.test.mock.mockito.ResetMocksTestExecutionListener@44580de0, org.springframework.boot.test.autoconfigure.restdocs.RestDocsTestExecutionListener@7b4c793b, org.springframework.boot.test.autoconfigure.web.client.MockRestServiceServerResetTestExecutionListener@51a69e8f, org.springframework.boot.test.autoconfigure.web.servlet.MockMvcPrintOnlyOnFailureTestExecutionListener@6442cf3e, org.springframework.boot.test.autoconfigure.web.servlet.WebDriverTestExecutionListener@60f1f95b, org.springframework.boot.test.autoconfigure.webservices.client.MockWebServiceServerTestExecutionListener@786cc1df]
2022-05-22_22-33-36 [main] INFO  c.p.p.c.ProcessPensionControllerMethodTest - Starting ProcessPensionControllerMethodTest using Java 11.0.14.1 on DESKTOP-DAC986Q with PID 10028 (started by Elcot in E:\qa3\PMS-JAVA\ProcessPension-Microservice)
2022-05-22_22-33-36 [main] INFO  c.p.p.c.ProcessPensionControllerMethodTest - No active profile set, falling back to default profiles: default
2022-05-22_22-33-36 [main] INFO  o.s.cloud.context.scope.GenericScope - BeanFactory id=d7570e80-e0e7-31d4-a789-10a9a45ba459
2022-05-22_22-33-36 [main] INFO  o.s.c.s.PostProcessorRegistrationDelegate$BeanPostProcessorChecker - Bean 'com.pension.process.feignclient.PensionDisbursementFeignClient' of type [org.springframework.cloud.openfeign.FeignClientFactoryBean] is not eligible for getting processed by all BeanPostProcessors (for example: not eligible for auto-proxying)
2022-05-22_22-33-36 [main] INFO  o.s.c.s.PostProcessorRegistrationDelegate$BeanPostProcessorChecker - Bean 'com.pension.process.feignclient.PensionerDetailFeignClient' of type [org.springframework.cloud.openfeign.FeignClientFactoryBean] is not eligible for getting processed by all BeanPostProcessors (for example: not eligible for auto-proxying)
2022-05-22_22-33-36 [main] INFO  o.s.b.a.e.web.EndpointLinksResolver - Exposing 2 endpoint(s) beneath base path '/actuator'
2022-05-22_22-33-36 [main] INFO  s.d.s.w.PropertySourcedRequestMappingHandlerMapping - Mapped URL path [/v2/api-docs] onto method [springfox.documentation.swagger2.web.Swagger2Controller#getDocumentation(String, HttpServletRequest)]
2022-05-22_22-33-36 [main] INFO  o.s.s.c.ThreadPoolTaskExecutor - Initializing ExecutorService 'applicationTaskExecutor'
2022-05-22_22-33-36 [main] INFO  o.s.b.t.m.w.SpringBootMockServletContext - Initializing Spring TestDispatcherServlet ''
2022-05-22_22-33-36 [main] INFO  o.s.t.w.s.TestDispatcherServlet - Initializing Servlet ''
2022-05-22_22-33-36 [main] INFO  o.s.t.w.s.TestDispatcherServlet - Completed initialization in 1 ms
2022-05-22_22-33-36 [main] INFO  o.s.cloud.commons.util.InetUtils - Cannot determine local hostname
2022-05-22_22-33-36 [main] INFO  s.d.s.w.p.DocumentationPluginsBootstrapper - Context refreshed
2022-05-22_22-33-36 [main] INFO  s.d.s.w.p.DocumentationPluginsBootstrapper - Found 1 custom documentation plugin(s)
2022-05-22_22-33-36 [main] INFO  s.d.s.w.s.ApiListingReferenceScanner - Scanning for api listing references
2022-05-22_22-33-36 [main] INFO  s.d.s.w.r.o.CachingOperationNameGenerator - Generating unique operation named: handleUsingGET_1
2022-05-22_22-33-36 [main] INFO  s.d.s.w.r.o.CachingOperationNameGenerator - Generating unique operation named: handleUsingGET_2
2022-05-22_22-33-36 [main] INFO  c.p.p.c.ProcessPensionControllerMethodTest - Started ProcessPensionControllerMethodTest in 15.365 seconds (JVM running for 58.562)
2022-05-22_22-33-36 [main] INFO  o.s.b.t.c.SpringBootTestContextBootstrapper - Neither @ContextConfiguration nor @ContextHierarchy found for test class [com.pension.process.exception.ProcessPensionExceptionTest], using SpringBootContextLoader
2022-05-22_22-33-36 [main] INFO  o.s.t.c.s.AbstractContextLoader - Could not detect default resource locations for test class [com.pension.process.exception.ProcessPensionExceptionTest]: no resource found for suffixes {-context.xml, Context.groovy}.
2022-05-22_22-33-36 [main] INFO  o.s.t.c.s.AnnotationConfigContextLoaderUtils - Could not detect default configuration classes for test class [com.pension.process.exception.ProcessPensionExceptionTest]: ProcessPensionExceptionTest does not declare any static, non-private, non-final, nested classes annotated with @Configuration.
2022-05-22_22-33-36 [main] INFO  o.s.b.t.c.SpringBootTestContextBootstrapper - Found @SpringBootConfiguration com.pension.process.ProcessPensionMicroserviceApplication for test class com.pension.process.exception.ProcessPensionExceptionTest
2022-05-22_22-33-36 [main] INFO  o.s.b.t.c.SpringBootTestContextBootstrapper - Loaded default TestExecutionListener class names from location [META-INF/spring.factories]: [org.springframework.boot.test.mock.mockito.MockitoTestExecutionListener, org.springframework.boot.test.mock.mockito.ResetMocksTestExecutionListener, org.springframework.boot.test.autoconfigure.restdocs.RestDocsTestExecutionListener, org.springframework.boot.test.autoconfigure.web.client.MockRestServiceServerResetTestExecutionListener, org.springframework.boot.test.autoconfigure.web.servlet.MockMvcPrintOnlyOnFailureTestExecutionListener, org.springframework.boot.test.autoconfigure.web.servlet.WebDriverTestExecutionListener, org.springframework.boot.test.autoconfigure.webservices.client.MockWebServiceServerTestExecutionListener, org.springframework.test.context.web.ServletTestExecutionListener, org.springframework.test.context.support.DirtiesContextBeforeModesTestExecutionListener, org.springframework.test.context.event.ApplicationEventsTestExecutionListener, org.springframework.test.context.support.DependencyInjectionTestExecutionListener, org.springframework.test.context.support.DirtiesContextTestExecutionListener, org.springframework.test.context.transaction.TransactionalTestExecutionListener, org.springframework.test.context.jdbc.SqlScriptsTestExecutionListener, org.springframework.test.context.event.EventPublishingTestExecutionListener]
2022-05-22_22-33-36 [main] INFO  o.s.b.t.c.SpringBootTestContextBootstrapper - Using TestExecutionListeners: [org.springframework.test.context.web.ServletTestExecutionListener@1deca369, org.springframework.test.context.support.DirtiesContextBeforeModesTestExecutionListener@2d0ce8a1, org.springframework.test.context.event.ApplicationEventsTestExecutionListener@2735a7dc, org.springframework.boot.test.mock.mockito.MockitoTestExecutionListener@549b26d7, org.springframework.boot.test.autoconfigure.SpringBootDependencyInjectionTestExecutionListener@2c9430c6, org.springframework.test.context.support.DirtiesContextTestExecutionListener@66978c15, org.springframework.test.context.event.EventPublishingTestExecutionListener@6c96dc5c, org.springframework.boot.test.mock.mockito.ResetMocksTestExecutionListener@61b6f287, org.springframework.boot.test.autoconfigure.restdocs.RestDocsTestExecutionListener@6ca9ec77, org.springframework.boot.test.autoconfigure.web.client.MockRestServiceServerResetTestExecutionListener@360432d3, org.springframework.boot.test.autoconfigure.web.servlet.MockMvcPrintOnlyOnFailureTestExecutionListener@6c2a7c73, org.springframework.boot.test.autoconfigure.web.servlet.WebDriverTestExecutionListener@3ade99bb, org.springframework.boot.test.autoconfigure.webservices.client.MockWebServiceServerTestExecutionListener@193710c3]
2022-05-22_22-33-51 [main] INFO  c.p.p.e.ProcessPensionExceptionTest - Starting ProcessPensionExceptionTest using Java 11.0.14.1 on DESKTOP-DAC986Q with PID 10028 (started by Elcot in E:\qa3\PMS-JAVA\ProcessPension-Microservice)
2022-05-22_22-33-51 [main] INFO  c.p.p.e.ProcessPensionExceptionTest - No active profile set, falling back to default profiles: default
2022-05-22_22-33-51 [main] INFO  o.s.cloud.context.scope.GenericScope - BeanFactory id=de444c9b-d8bc-3218-aa53-fbbac0281452
2022-05-22_22-33-51 [main] INFO  o.s.c.s.PostProcessorRegistrationDelegate$BeanPostProcessorChecker - Bean 'com.pension.process.feignclient.AuthorisingClient' of type [org.springframework.cloud.openfeign.FeignClientFactoryBean] is not eligible for getting processed by all BeanPostProcessors (for example: not eligible for auto-proxying)
2022-05-22_22-33-51 [main] INFO  o.s.c.s.PostProcessorRegistrationDelegate$BeanPostProcessorChecker - Bean 'com.pension.process.feignclient.PensionDisbursementFeignClient' of type [org.springframework.cloud.openfeign.FeignClientFactoryBean] is not eligible for getting processed by all BeanPostProcessors (for example: not eligible for auto-proxying)
2022-05-22_22-33-51 [main] INFO  o.s.c.s.PostProcessorRegistrationDelegate$BeanPostProcessorChecker - Bean 'com.pension.process.feignclient.PensionerDetailFeignClient' of type [org.springframework.cloud.openfeign.FeignClientFactoryBean] is not eligible for getting processed by all BeanPostProcessors (for example: not eligible for auto-proxying)
2022-05-22_22-33-51 [main] INFO  o.s.b.a.e.web.EndpointLinksResolver - Exposing 2 endpoint(s) beneath base path '/actuator'
2022-05-22_22-33-51 [main] INFO  s.d.s.w.PropertySourcedRequestMappingHandlerMapping - Mapped URL path [/v2/api-docs] onto method [springfox.documentation.swagger2.web.Swagger2Controller#getDocumentation(String, HttpServletRequest)]
2022-05-22_22-33-51 [main] INFO  o.s.s.c.ThreadPoolTaskExecutor - Initializing ExecutorService 'applicationTaskExecutor'
2022-05-22_22-33-51 [main] INFO  o.s.cloud.commons.util.InetUtils - Cannot determine local hostname
2022-05-22_22-33-51 [main] INFO  s.d.s.w.p.DocumentationPluginsBootstrapper - Context refreshed
2022-05-22_22-33-51 [main] INFO  s.d.s.w.p.DocumentationPluginsBootstrapper - Found 1 custom documentation plugin(s)
2022-05-22_22-33-51 [main] INFO  s.d.s.w.s.ApiListingReferenceScanner - Scanning for api listing references
2022-05-22_22-33-51 [main] INFO  s.d.s.w.r.o.CachingOperationNameGenerator - Generating unique operation named: handleUsingGET_1
2022-05-22_22-33-51 [main] INFO  s.d.s.w.r.o.CachingOperationNameGenerator - Generating unique operation named: handleUsingGET_2
2022-05-22_22-33-51 [main] INFO  c.p.p.e.ProcessPensionExceptionTest - Started ProcessPensionExceptionTest in 14.587 seconds (JVM running for 73.886)
2022-05-22_22-33-51 [main] INFO  o.s.b.t.c.SpringBootTestContextBootstrapper - Neither @ContextConfiguration nor @ContextHierarchy found for test class [com.pension.process.ProcessPensionMicroserviceApplicationTests], using SpringBootContextLoader
2022-05-22_22-33-51 [main] INFO  o.s.t.c.s.AbstractContextLoader - Could not detect default resource locations for test class [com.pension.process.ProcessPensionMicroserviceApplicationTests]: no resource found for suffixes {-context.xml, Context.groovy}.
2022-05-22_22-33-51 [main] INFO  o.s.t.c.s.AnnotationConfigContextLoaderUtils - Could not detect default configuration classes for test class [com.pension.process.ProcessPensionMicroserviceApplicationTests]: ProcessPensionMicroserviceApplicationTests does not declare any static, non-private, non-final, nested classes annotated with @Configuration.
2022-05-22_22-33-51 [main] INFO  o.s.b.t.c.SpringBootTestContextBootstrapper - Found @SpringBootConfiguration com.pension.process.ProcessPensionMicroserviceApplication for test class com.pension.process.ProcessPensionMicroserviceApplicationTests
2022-05-22_22-33-51 [main] INFO  o.s.b.t.c.SpringBootTestContextBootstrapper - Loaded default TestExecutionListener class names from location [META-INF/spring.factories]: [org.springframework.boot.test.mock.mockito.MockitoTestExecutionListener, org.springframework.boot.test.mock.mockito.ResetMocksTestExecutionListener, org.springframework.boot.test.autoconfigure.restdocs.RestDocsTestExecutionListener, org.springframework.boot.test.autoconfigure.web.client.MockRestServiceServerResetTestExecutionListener, org.springframework.boot.test.autoconfigure.web.servlet.MockMvcPrintOnlyOnFailureTestExecutionListener, org.springframework.boot.test.autoconfigure.web.servlet.WebDriverTestExecutionListener, org.springframework.boot.test.autoconfigure.webservices.client.MockWebServiceServerTestExecutionListener, org.springframework.test.context.web.ServletTestExecutionListener, org.springframework.test.context.support.DirtiesContextBeforeModesTestExecutionListener, org.springframework.test.context.event.ApplicationEventsTestExecutionListener, org.springframework.test.context.support.DependencyInjectionTestExecutionListener, org.springframework.test.context.support.DirtiesContextTestExecutionListener, org.springframework.test.context.transaction.TransactionalTestExecutionListener, org.springframework.test.context.jdbc.SqlScriptsTestExecutionListener, org.springframework.test.context.event.EventPublishingTestExecutionListener]
2022-05-22_22-33-51 [main] INFO  o.s.b.t.c.SpringBootTestContextBootstrapper - Using TestExecutionListeners: [org.springframework.test.context.web.ServletTestExecutionListener@6bb2dae6, org.springframework.test.context.support.DirtiesContextBeforeModesTestExecutionListener@26c7940a, org.springframework.test.context.event.ApplicationEventsTestExecutionListener@5a640f98, org.springframework.boot.test.mock.mockito.MockitoTestExecutionListener@39e0fe23, org.springframework.boot.test.autoconfigure.SpringBootDependencyInjectionTestExecutionListener@44f86613, org.springframework.test.context.support.DirtiesContextTestExecutionListener@5e05dd42, org.springframework.test.context.event.EventPublishingTestExecutionListener@246701d5, org.springframework.boot.test.mock.mockito.ResetMocksTestExecutionListener@1ac8f29c, org.springframework.boot.test.autoconfigure.restdocs.RestDocsTestExecutionListener@1d07d728, org.springframework.boot.test.autoconfigure.web.client.MockRestServiceServerResetTestExecutionListener@6d98e607, org.springframework.boot.test.autoconfigure.web.servlet.MockMvcPrintOnlyOnFailureTestExecutionListener@71ed3bc8, org.springframework.boot.test.autoconfigure.web.servlet.WebDriverTestExecutionListener@2c6c6b7b, org.springframework.boot.test.autoconfigure.webservices.client.MockWebServiceServerTestExecutionListener@f714749]
2022-05-22_22-34-08 [main] INFO  c.p.p.ProcessPensionMicroserviceApplication - Starting ProcessPensionMicroserviceApplication using Java 11.0.14.1 on DESKTOP-DAC986Q with PID 10028 (started by Elcot in E:\qa3\PMS-JAVA\ProcessPension-Microservice)
2022-05-22_22-34-08 [main] INFO  c.p.p.ProcessPensionMicroserviceApplication - No active profile set, falling back to default profiles: default
2022-05-22_22-34-08 [main] INFO  o.s.cloud.context.scope.GenericScope - BeanFactory id=6264e97b-fef0-3849-9507-bde56deace9b
2022-05-22_22-34-08 [main] INFO  o.s.c.s.PostProcessorRegistrationDelegate$BeanPostProcessorChecker - Bean 'com.pension.process.feignclient.AuthorisingClient' of type [org.springframework.cloud.openfeign.FeignClientFactoryBean] is not eligible for getting processed by all BeanPostProcessors (for example: not eligible for auto-proxying)
2022-05-22_22-34-08 [main] INFO  o.s.c.s.PostProcessorRegistrationDelegate$BeanPostProcessorChecker - Bean 'com.pension.process.feignclient.PensionDisbursementFeignClient' of type [org.springframework.cloud.openfeign.FeignClientFactoryBean] is not eligible for getting processed by all BeanPostProcessors (for example: not eligible for auto-proxying)
2022-05-22_22-34-08 [main] INFO  o.s.c.s.PostProcessorRegistrationDelegate$BeanPostProcessorChecker - Bean 'com.pension.process.feignclient.PensionerDetailFeignClient' of type [org.springframework.cloud.openfeign.FeignClientFactoryBean] is not eligible for getting processed by all BeanPostProcessors (for example: not eligible for auto-proxying)
2022-05-22_22-34-08 [main] INFO  o.s.b.w.e.tomcat.TomcatWebServer - Tomcat initialized with port(s): 5000 (http)
2022-05-22_22-34-08 [main] INFO  o.a.coyote.http11.Http11NioProtocol - Initializing ProtocolHandler ["http-nio-5000"]
2022-05-22_22-34-08 [main] INFO  o.a.catalina.core.StandardService - Starting service [Tomcat]
2022-05-22_22-34-08 [main] INFO  o.a.catalina.core.StandardEngine - Starting Servlet engine: [Apache Tomcat/9.0.41]
2022-05-22_22-34-08 [main] INFO  o.a.c.c.C.[.[localhost].[/process] - Initializing Spring embedded WebApplicationContext
2022-05-22_22-34-08 [main] INFO  o.s.b.w.s.c.ServletWebServerApplicationContext - Root WebApplicationContext: initialization completed in 7224 ms
2022-05-22_22-34-08 [main] INFO  o.s.b.a.e.web.EndpointLinksResolver - Exposing 2 endpoint(s) beneath base path '/actuator'
2022-05-22_22-34-08 [main] INFO  s.d.s.w.PropertySourcedRequestMappingHandlerMapping - Mapped URL path [/v2/api-docs] onto method [springfox.documentation.swagger2.web.Swagger2Controller#getDocumentation(String, HttpServletRequest)]
2022-05-22_22-34-08 [main] INFO  o.s.s.c.ThreadPoolTaskExecutor - Initializing ExecutorService 'applicationTaskExecutor'
2022-05-22_22-34-08 [main] INFO  o.s.cloud.commons.util.InetUtils - Cannot determine local hostname
2022-05-22_22-34-08 [main] INFO  o.a.coyote.http11.Http11NioProtocol - Starting ProtocolHandler ["http-nio-5000"]
2022-05-22_22-34-08 [main] INFO  o.s.b.w.e.tomcat.TomcatWebServer - Tomcat started on port(s): 5000 (http) with context path '/process'
2022-05-22_22-34-08 [main] INFO  o.s.cloud.commons.util.InetUtils - Cannot determine local hostname
2022-05-22_22-34-08 [main] INFO  s.d.s.w.p.DocumentationPluginsBootstrapper - Context refreshed
2022-05-22_22-34-08 [main] INFO  s.d.s.w.p.DocumentationPluginsBootstrapper - Found 1 custom documentation plugin(s)
2022-05-22_22-34-08 [main] INFO  s.d.s.w.s.ApiListingReferenceScanner - Scanning for api listing references
2022-05-22_22-34-08 [main] INFO  s.d.s.w.r.o.CachingOperationNameGenerator - Generating unique operation named: handleUsingGET_1
2022-05-22_22-34-08 [main] INFO  s.d.s.w.r.o.CachingOperationNameGenerator - Generating unique operation named: handleUsingGET_2
2022-05-22_22-34-08 [main] INFO  c.p.p.ProcessPensionMicroserviceApplication - Started ProcessPensionMicroserviceApplication in 16.22 seconds (JVM running for 91.413)
2022-05-22_22-34-08 [main] INFO  o.s.b.t.c.SpringBootTestContextBootstrapper - Neither @ContextConfiguration nor @ContextHierarchy found for test class [com.pension.process.service.ProcessPensionServiceTest], using SpringBootContextLoader
2022-05-22_22-34-08 [main] INFO  o.s.t.c.s.AbstractContextLoader - Could not detect default resource locations for test class [com.pension.process.service.ProcessPensionServiceTest]: no resource found for suffixes {-context.xml, Context.groovy}.
2022-05-22_22-34-08 [main] INFO  o.s.t.c.s.AnnotationConfigContextLoaderUtils - Could not detect default configuration classes for test class [com.pension.process.service.ProcessPensionServiceTest]: ProcessPensionServiceTest does not declare any static, non-private, non-final, nested classes annotated with @Configuration.
2022-05-22_22-34-08 [main] INFO  o.s.b.t.c.SpringBootTestContextBootstrapper - Found @SpringBootConfiguration com.pension.process.ProcessPensionMicroserviceApplication for test class com.pension.process.service.ProcessPensionServiceTest
2022-05-22_22-34-08 [main] INFO  o.s.b.t.c.SpringBootTestContextBootstrapper - Loaded default TestExecutionListener class names from location [META-INF/spring.factories]: [org.springframework.boot.test.mock.mockito.MockitoTestExecutionListener, org.springframework.boot.test.mock.mockito.ResetMocksTestExecutionListener, org.springframework.boot.test.autoconfigure.restdocs.RestDocsTestExecutionListener, org.springframework.boot.test.autoconfigure.web.client.MockRestServiceServerResetTestExecutionListener, org.springframework.boot.test.autoconfigure.web.servlet.MockMvcPrintOnlyOnFailureTestExecutionListener, org.springframework.boot.test.autoconfigure.web.servlet.WebDriverTestExecutionListener, org.springframework.boot.test.autoconfigure.webservices.client.MockWebServiceServerTestExecutionListener, org.springframework.test.context.web.ServletTestExecutionListener, org.springframework.test.context.support.DirtiesContextBeforeModesTestExecutionListener, org.springframework.test.context.event.ApplicationEventsTestExecutionListener, org.springframework.test.context.support.DependencyInjectionTestExecutionListener, org.springframework.test.context.support.DirtiesContextTestExecutionListener, org.springframework.test.context.transaction.TransactionalTestExecutionListener, org.springframework.test.context.jdbc.SqlScriptsTestExecutionListener, org.springframework.test.context.event.EventPublishingTestExecutionListener]
2022-05-22_22-34-08 [main] INFO  o.s.b.t.c.SpringBootTestContextBootstrapper - Using TestExecutionListeners: [org.springframework.test.context.web.ServletTestExecutionListener@787073b3, org.springframework.test.context.support.DirtiesContextBeforeModesTestExecutionListener@53a52b3f, org.springframework.test.context.event.ApplicationEventsTestExecutionListener@1396ee3b, org.springframework.boot.test.mock.mockito.MockitoTestExecutionListener@301af154, org.springframework.boot.test.autoconfigure.SpringBootDependencyInjectionTestExecutionListener@4b8cf10f, org.springframework.test.context.support.DirtiesContextTestExecutionListener@310ad792, org.springframework.test.context.event.EventPublishingTestExecutionListener@15c900be, org.springframework.boot.test.mock.mockito.ResetMocksTestExecutionListener@72bec302, org.springframework.boot.test.autoconfigure.restdocs.RestDocsTestExecutionListener@5e9650d3, org.springframework.boot.test.autoconfigure.web.client.MockRestServiceServerResetTestExecutionListener@3947bad4, org.springframework.boot.test.autoconfigure.web.servlet.MockMvcPrintOnlyOnFailureTestExecutionListener@64d691b2, org.springframework.boot.test.autoconfigure.web.servlet.WebDriverTestExecutionListener@6074f8f9, org.springframework.boot.test.autoconfigure.webservices.client.MockWebServiceServerTestExecutionListener@c083cec]
2022-05-22_22-34-08 [SpringContextShutdownHook] INFO  o.s.s.c.ThreadPoolTaskExecutor - Shutting down ExecutorService 'applicationTaskExecutor'
2022-05-22_22-34-08 [SpringContextShutdownHook] INFO  o.s.s.c.ThreadPoolTaskExecutor - Shutting down ExecutorService 'applicationTaskExecutor'
2022-05-22_22-34-08 [SpringContextShutdownHook] INFO  o.s.s.c.ThreadPoolTaskExecutor - Shutting down ExecutorService 'applicationTaskExecutor'
2022-05-22_22-34-08 [SpringContextShutdownHook] INFO  o.s.s.c.ThreadPoolTaskExecutor - Shutting down ExecutorService 'applicationTaskExecutor'
